#
# There is insufficient memory for the Java Runtime Environment to continue.
# Native memory allocation (mmap) failed to map 65536 bytes for Failed to commit metaspace.
# Possible reasons:
#   The system is out of physical RAM or swap space
#   The process is running with CompressedOops enabled, and the Java Heap may be blocking the growth of the native heap
# Possible solutions:
#   Reduce memory load on the system
#   Increase physical memory or swap space
#   Check if swap backing store is full
#   Decrease Java heap size (-Xmx/-Xms)
#   Decrease number of Java threads
#   Decrease Java thread stack sizes (-Xss)
#   Set larger code cache with -XX:ReservedCodeCacheSize=
#   JVM is running with Zero Based Compressed Oops mode in which the Java heap is
#     placed in the first 32GB address space. The Java Heap base address is the
#     maximum limit for the native heap growth. Please use -XX:HeapBaseMinAddress
#     to set the Java Heap base and to place the Java Heap above 32GB virtual address.
# This output file may be truncated or incomplete.
#
#  Out of Memory Error (virtualSpaceNode.cpp:110), pid=15936, tid=4876
#
# JRE version: OpenJDK Runtime Environment (17.0.6) (build 17.0.6+0-b2043.56-10027231)
# Java VM: OpenJDK 64-Bit Server VM (17.0.6+0-b2043.56-10027231, mixed mode, tiered, compressed oops, compressed class ptrs, g1 gc, windows-amd64)
# No core dump will be written. Minidumps are not enabled by default on client versions of Windows
#

---------------  S U M M A R Y ------------

Command Line: org.jetbrains.kotlin.cli.jvm.K2JVMCompiler @C:\Users\A1044\Documents\angel\courses\kotlin\BottomNavigationBar\app\build\20240209_1321288770319145191.compiler.options

Host: Intel(R) Core(TM) i7-1065G7 CPU @ 1.30GHz, 8 cores, 19G,  Windows 10 , 64 bit Build 19041 (10.0.19041.3636)
Time: Fri Feb  9 13:30:02 2024 Hora estándar de Venezuela elapsed time: 0.094268 seconds (0d 0h 0m 0s)

---------------  T H R E A D  ---------------

Current thread (0x0000022742b82710):  JavaThread "main" [_thread_in_vm, id=4876, stack(0x000000c0e3700000,0x000000c0e3800000)]

Stack: [0x000000c0e3700000,0x000000c0e3800000]
Native frames: (J=compiled Java code, j=interpreted, Vv=VM code, C=native code)
V  [jvm.dll+0x683c9a]
V  [jvm.dll+0x8427a4]
V  [jvm.dll+0x843f9e]
V  [jvm.dll+0x844603]
V  [jvm.dll+0x249b75]
V  [jvm.dll+0x83e7fb]
V  [jvm.dll+0x628006]
V  [jvm.dll+0x62806a]
V  [jvm.dll+0x62a87a]
V  [jvm.dll+0x6289a6]
V  [jvm.dll+0x23ef80]
V  [jvm.dll+0x1ee40d]
V  [jvm.dll+0x1e3dcc]
V  [jvm.dll+0x547fed]
V  [jvm.dll+0x1f46eb]
V  [jvm.dll+0x7bc7cb]
V  [jvm.dll+0x7bdc12]
V  [jvm.dll+0x7bdf48]
V  [jvm.dll+0x24190e]
V  [jvm.dll+0x241b5f]
V  [jvm.dll+0x565ef8]
V  [jvm.dll+0x568e37]
V  [jvm.dll+0x3883a4]
V  [jvm.dll+0x387a0f]
C  0x000002274d59a503

Java frames: (J=compiled Java code, j=interpreted, Vv=VM code)
j  jdk.internal.module.SystemModuleFinders$SystemModuleFinder.find(Ljava/lang/String;)Ljava/util/Optional;+18 java.base
j  jdk.internal.module.ModuleBootstrap.boot2()Ljava/lang/ModuleLayer;+292 java.base
j  jdk.internal.module.ModuleBootstrap.boot()Ljava/lang/ModuleLayer;+64 java.base
j  java.lang.System.initPhase2(ZZ)I+0 java.base
v  ~StubRoutines::call_stub

---------------  P R O C E S S  ---------------

Threads class SMR info:
_java_thread_list=0x000002276442d9b0, length=10, elements={
0x0000022742b82710, 0x0000022764445630, 0x0000022764446a40, 0x000002276442f410,
0x0000022764470ff0, 0x00000227644758d0, 0x0000022764476190, 0x0000022764476d80,
0x0000022764477680, 0x0000022764478760
}

Java Threads: ( => current thread )
=>0x0000022742b82710 JavaThread "main" [_thread_in_vm, id=4876, stack(0x000000c0e3700000,0x000000c0e3800000)]
  0x0000022764445630 JavaThread "Reference Handler" daemon [_thread_blocked, id=4300, stack(0x000000c0e3e00000,0x000000c0e3f00000)]
  0x0000022764446a40 JavaThread "Finalizer" daemon [_thread_blocked, id=5432, stack(0x000000c0e3f00000,0x000000c0e4000000)]
  0x000002276442f410 JavaThread "Signal Dispatcher" daemon [_thread_blocked, id=2144, stack(0x000000c0e4000000,0x000000c0e4100000)]
  0x0000022764470ff0 JavaThread "Attach Listener" daemon [_thread_blocked, id=20404, stack(0x000000c0e4100000,0x000000c0e4200000)]
  0x00000227644758d0 JavaThread "Service Thread" daemon [_thread_blocked, id=15496, stack(0x000000c0e4200000,0x000000c0e4300000)]
  0x0000022764476190 JavaThread "Monitor Deflation Thread" daemon [_thread_blocked, id=12820, stack(0x000000c0e4300000,0x000000c0e4400000)]
  0x0000022764476d80 JavaThread "C2 CompilerThread0" daemon [_thread_blocked, id=11960, stack(0x000000c0e4400000,0x000000c0e4500000)]
  0x0000022764477680 JavaThread "C1 CompilerThread0" daemon [_thread_blocked, id=26980, stack(0x000000c0e4500000,0x000000c0e4600000)]
  0x0000022764478760 JavaThread "Sweeper thread" daemon [_thread_blocked, id=18128, stack(0x000000c0e4600000,0x000000c0e4700000)]

Other Threads:
  0x0000022764420940 VMThread "VM Thread" [stack: 0x000000c0e3d00000,0x000000c0e3e00000] [id=20396]
  0x0000022742bfadf0 GCTaskThread "GC Thread#0" [stack: 0x000000c0e3800000,0x000000c0e3900000] [id=24048]
  0x0000022742c06ad0 ConcurrentGCThread "G1 Main Marker" [stack: 0x000000c0e3900000,0x000000c0e3a00000] [id=20692]
  0x0000022742c073f0 ConcurrentGCThread "G1 Conc#0" [stack: 0x000000c0e3a00000,0x000000c0e3b00000] [id=9324]
  0x0000022742c3d350 ConcurrentGCThread "G1 Refine#0" [stack: 0x000000c0e3b00000,0x000000c0e3c00000] [id=3012]
  0x0000022742c3dc80 ConcurrentGCThread "G1 Service" [stack: 0x000000c0e3c00000,0x000000c0e3d00000] [id=9980]

Threads with active compile tasks:

VM state: not at safepoint (normal execution)

VM Mutex/Monitor currently owned by a thread:  ([mutex/lock_event])
[0x0000022742b7dca0] Metaspace_lock - owner thread: 0x0000022742b82710

Heap address: 0x00000006c3000000, size: 5072 MB, Compressed Oops mode: Zero based, Oop shift amount: 3

CDS archive(s) not mapped
Compressed class space mapped at: 0x0000000800000000-0x0000000840000000, reserved size: 1073741824
Narrow klass base: 0x0000000800000000, Narrow klass shift: 0, Narrow klass range: 0x40000000

GC Precious Log:
 CPUs: 8 total, 8 available
 Memory: 20275M
 Large Page Support: Disabled
 NUMA Support: Disabled
 Compressed Oops: Enabled (Zero based)
 Heap Region Size: 4M
 Heap Min Capacity: 8M
 Heap Initial Capacity: 320M
 Heap Max Capacity: 5072M
 Pre-touch: Disabled
 Parallel Workers: 8
 Concurrent Workers: 2
 Concurrent Refinement Workers: 8
 Periodic GC: Disabled

Heap:
 garbage-first heap   total 327680K, used 0K [0x00000006c3000000, 0x0000000800000000)
  region size 4096K, 1 young (4096K), 0 survivors (0K)
 Metaspace       used 3195K, committed 3200K, reserved 1056768K
  class space    used 252K, committed 256K, reserved 1048576K

Heap Regions: E=young(eden), S=young(survivor), O=old, HS=humongous(starts), HC=humongous(continues), CS=collection set, F=free, OA=open archive, CA=closed archive, TAMS=top-at-mark-start (previous, next)
|   0|0x00000006c3000000, 0x00000006c3000000, 0x00000006c3400000|  0%| F|  |TAMS 0x00000006c3000000, 0x00000006c3000000| Untracked 
|   1|0x00000006c3400000, 0x00000006c3400000, 0x00000006c3800000|  0%| F|  |TAMS 0x00000006c3400000, 0x00000006c3400000| Untracked 
|   2|0x00000006c3800000, 0x00000006c3800000, 0x00000006c3c00000|  0%| F|  |TAMS 0x00000006c3800000, 0x00000006c3800000| Untracked 
|   3|0x00000006c3c00000, 0x00000006c3c00000, 0x00000006c4000000|  0%| F|  |TAMS 0x00000006c3c00000, 0x00000006c3c00000| Untracked 
|   4|0x00000006c4000000, 0x00000006c4000000, 0x00000006c4400000|  0%| F|  |TAMS 0x00000006c4000000, 0x00000006c4000000| Untracked 
|   5|0x00000006c4400000, 0x00000006c4400000, 0x00000006c4800000|  0%| F|  |TAMS 0x00000006c4400000, 0x00000006c4400000| Untracked 
|   6|0x00000006c4800000, 0x00000006c4800000, 0x00000006c4c00000|  0%| F|  |TAMS 0x00000006c4800000, 0x00000006c4800000| Untracked 
|   7|0x00000006c4c00000, 0x00000006c4c00000, 0x00000006c5000000|  0%| F|  |TAMS 0x00000006c4c00000, 0x00000006c4c00000| Untracked 
|   8|0x00000006c5000000, 0x00000006c5000000, 0x00000006c5400000|  0%| F|  |TAMS 0x00000006c5000000, 0x00000006c5000000| Untracked 
|   9|0x00000006c5400000, 0x00000006c5400000, 0x00000006c5800000|  0%| F|  |TAMS 0x00000006c5400000, 0x00000006c5400000| Untracked 
|  10|0x00000006c5800000, 0x00000006c5800000, 0x00000006c5c00000|  0%| F|  |TAMS 0x00000006c5800000, 0x00000006c5800000| Untracked 
|  11|0x00000006c5c00000, 0x00000006c5c00000, 0x00000006c6000000|  0%| F|  |TAMS 0x00000006c5c00000, 0x00000006c5c00000| Untracked 
|  12|0x00000006c6000000, 0x00000006c6000000, 0x00000006c6400000|  0%| F|  |TAMS 0x00000006c6000000, 0x00000006c6000000| Untracked 
|  13|0x00000006c6400000, 0x00000006c6400000, 0x00000006c6800000|  0%| F|  |TAMS 0x00000006c6400000, 0x00000006c6400000| Untracked 
|  14|0x00000006c6800000, 0x00000006c6800000, 0x00000006c6c00000|  0%| F|  |TAMS 0x00000006c6800000, 0x00000006c6800000| Untracked 
|  15|0x00000006c6c00000, 0x00000006c6c00000, 0x00000006c7000000|  0%| F|  |TAMS 0x00000006c6c00000, 0x00000006c6c00000| Untracked 
|  16|0x00000006c7000000, 0x00000006c7000000, 0x00000006c7400000|  0%| F|  |TAMS 0x00000006c7000000, 0x00000006c7000000| Untracked 
|  17|0x00000006c7400000, 0x00000006c7400000, 0x00000006c7800000|  0%| F|  |TAMS 0x00000006c7400000, 0x00000006c7400000| Untracked 
|  18|0x00000006c7800000, 0x00000006c7800000, 0x00000006c7c00000|  0%| F|  |TAMS 0x00000006c7800000, 0x00000006c7800000| Untracked 
|  19|0x00000006c7c00000, 0x00000006c7c00000, 0x00000006c8000000|  0%| F|  |TAMS 0x00000006c7c00000, 0x00000006c7c00000| Untracked 
|  20|0x00000006c8000000, 0x00000006c8000000, 0x00000006c8400000|  0%| F|  |TAMS 0x00000006c8000000, 0x00000006c8000000| Untracked 
|  21|0x00000006c8400000, 0x00000006c8400000, 0x00000006c8800000|  0%| F|  |TAMS 0x00000006c8400000, 0x00000006c8400000| Untracked 
|  22|0x00000006c8800000, 0x00000006c8800000, 0x00000006c8c00000|  0%| F|  |TAMS 0x00000006c8800000, 0x00000006c8800000| Untracked 
|  23|0x00000006c8c00000, 0x00000006c8c00000, 0x00000006c9000000|  0%| F|  |TAMS 0x00000006c8c00000, 0x00000006c8c00000| Untracked 
|  24|0x00000006c9000000, 0x00000006c9000000, 0x00000006c9400000|  0%| F|  |TAMS 0x00000006c9000000, 0x00000006c9000000| Untracked 
|  25|0x00000006c9400000, 0x00000006c9400000, 0x00000006c9800000|  0%| F|  |TAMS 0x00000006c9400000, 0x00000006c9400000| Untracked 
|  26|0x00000006c9800000, 0x00000006c9800000, 0x00000006c9c00000|  0%| F|  |TAMS 0x00000006c9800000, 0x00000006c9800000| Untracked 
|  27|0x00000006c9c00000, 0x00000006c9c00000, 0x00000006ca000000|  0%| F|  |TAMS 0x00000006c9c00000, 0x00000006c9c00000| Untracked 
|  28|0x00000006ca000000, 0x00000006ca000000, 0x00000006ca400000|  0%| F|  |TAMS 0x00000006ca000000, 0x00000006ca000000| Untracked 
|  29|0x00000006ca400000, 0x00000006ca400000, 0x00000006ca800000|  0%| F|  |TAMS 0x00000006ca400000, 0x00000006ca400000| Untracked 
|  30|0x00000006ca800000, 0x00000006ca800000, 0x00000006cac00000|  0%| F|  |TAMS 0x00000006ca800000, 0x00000006ca800000| Untracked 
|  31|0x00000006cac00000, 0x00000006cac00000, 0x00000006cb000000|  0%| F|  |TAMS 0x00000006cac00000, 0x00000006cac00000| Untracked 
|  32|0x00000006cb000000, 0x00000006cb000000, 0x00000006cb400000|  0%| F|  |TAMS 0x00000006cb000000, 0x00000006cb000000| Untracked 
|  33|0x00000006cb400000, 0x00000006cb400000, 0x00000006cb800000|  0%| F|  |TAMS 0x00000006cb400000, 0x00000006cb400000| Untracked 
|  34|0x00000006cb800000, 0x00000006cb800000, 0x00000006cbc00000|  0%| F|  |TAMS 0x00000006cb800000, 0x00000006cb800000| Untracked 
|  35|0x00000006cbc00000, 0x00000006cbc00000, 0x00000006cc000000|  0%| F|  |TAMS 0x00000006cbc00000, 0x00000006cbc00000| Untracked 
|  36|0x00000006cc000000, 0x00000006cc000000, 0x00000006cc400000|  0%| F|  |TAMS 0x00000006cc000000, 0x00000006cc000000| Untracked 
|  37|0x00000006cc400000, 0x00000006cc400000, 0x00000006cc800000|  0%| F|  |TAMS 0x00000006cc400000, 0x00000006cc400000| Untracked 
|  38|0x00000006cc800000, 0x00000006cc800000, 0x00000006ccc00000|  0%| F|  |TAMS 0x00000006cc800000, 0x00000006cc800000| Untracked 
|  39|0x00000006ccc00000, 0x00000006ccc00000, 0x00000006cd000000|  0%| F|  |TAMS 0x00000006ccc00000, 0x00000006ccc00000| Untracked 
|  40|0x00000006cd000000, 0x00000006cd000000, 0x00000006cd400000|  0%| F|  |TAMS 0x00000006cd000000, 0x00000006cd000000| Untracked 
|  41|0x00000006cd400000, 0x00000006cd400000, 0x00000006cd800000|  0%| F|  |TAMS 0x00000006cd400000, 0x00000006cd400000| Untracked 
|  42|0x00000006cd800000, 0x00000006cd800000, 0x00000006cdc00000|  0%| F|  |TAMS 0x00000006cd800000, 0x00000006cd800000| Untracked 
|  43|0x00000006cdc00000, 0x00000006cdc00000, 0x00000006ce000000|  0%| F|  |TAMS 0x00000006cdc00000, 0x00000006cdc00000| Untracked 
|  44|0x00000006ce000000, 0x00000006ce000000, 0x00000006ce400000|  0%| F|  |TAMS 0x00000006ce000000, 0x00000006ce000000| Untracked 
|  45|0x00000006ce400000, 0x00000006ce400000, 0x00000006ce800000|  0%| F|  |TAMS 0x00000006ce400000, 0x00000006ce400000| Untracked 
|  46|0x00000006ce800000, 0x00000006ce800000, 0x00000006cec00000|  0%| F|  |TAMS 0x00000006ce800000, 0x00000006ce800000| Untracked 
|  47|0x00000006cec00000, 0x00000006cec00000, 0x00000006cf000000|  0%| F|  |TAMS 0x00000006cec00000, 0x00000006cec00000| Untracked 
|  48|0x00000006cf000000, 0x00000006cf000000, 0x00000006cf400000|  0%| F|  |TAMS 0x00000006cf000000, 0x00000006cf000000| Untracked 
|  49|0x00000006cf400000, 0x00000006cf400000, 0x00000006cf800000|  0%| F|  |TAMS 0x00000006cf400000, 0x00000006cf400000| Untracked 
|  50|0x00000006cf800000, 0x00000006cf800000, 0x00000006cfc00000|  0%| F|  |TAMS 0x00000006cf800000, 0x00000006cf800000| Untracked 
|  51|0x00000006cfc00000, 0x00000006cfc00000, 0x00000006d0000000|  0%| F|  |TAMS 0x00000006cfc00000, 0x00000006cfc00000| Untracked 
|  52|0x00000006d0000000, 0x00000006d0000000, 0x00000006d0400000|  0%| F|  |TAMS 0x00000006d0000000, 0x00000006d0000000| Untracked 
|  53|0x00000006d0400000, 0x00000006d0400000, 0x00000006d0800000|  0%| F|  |TAMS 0x00000006d0400000, 0x00000006d0400000| Untracked 
|  54|0x00000006d0800000, 0x00000006d0800000, 0x00000006d0c00000|  0%| F|  |TAMS 0x00000006d0800000, 0x00000006d0800000| Untracked 
|  55|0x00000006d0c00000, 0x00000006d0c00000, 0x00000006d1000000|  0%| F|  |TAMS 0x00000006d0c00000, 0x00000006d0c00000| Untracked 
|  56|0x00000006d1000000, 0x00000006d1000000, 0x00000006d1400000|  0%| F|  |TAMS 0x00000006d1000000, 0x00000006d1000000| Untracked 
|  57|0x00000006d1400000, 0x00000006d1400000, 0x00000006d1800000|  0%| F|  |TAMS 0x00000006d1400000, 0x00000006d1400000| Untracked 
|  58|0x00000006d1800000, 0x00000006d1800000, 0x00000006d1c00000|  0%| F|  |TAMS 0x00000006d1800000, 0x00000006d1800000| Untracked 
|  59|0x00000006d1c00000, 0x00000006d1c00000, 0x00000006d2000000|  0%| F|  |TAMS 0x00000006d1c00000, 0x00000006d1c00000| Untracked 
|  60|0x00000006d2000000, 0x00000006d2000000, 0x00000006d2400000|  0%| F|  |TAMS 0x00000006d2000000, 0x00000006d2000000| Untracked 
|  61|0x00000006d2400000, 0x00000006d2400000, 0x00000006d2800000|  0%| F|  |TAMS 0x00000006d2400000, 0x00000006d2400000| Untracked 
|  62|0x00000006d2800000, 0x00000006d2800000, 0x00000006d2c00000|  0%| F|  |TAMS 0x00000006d2800000, 0x00000006d2800000| Untracked 
|  63|0x00000006d2c00000, 0x00000006d2c00000, 0x00000006d3000000|  0%| F|  |TAMS 0x00000006d2c00000, 0x00000006d2c00000| Untracked 
|  64|0x00000006d3000000, 0x00000006d3000000, 0x00000006d3400000|  0%| F|  |TAMS 0x00000006d3000000, 0x00000006d3000000| Untracked 
|  65|0x00000006d3400000, 0x00000006d3400000, 0x00000006d3800000|  0%| F|  |TAMS 0x00000006d3400000, 0x00000006d3400000| Untracked 
|  66|0x00000006d3800000, 0x00000006d3800000, 0x00000006d3c00000|  0%| F|  |TAMS 0x00000006d3800000, 0x00000006d3800000| Untracked 
|  67|0x00000006d3c00000, 0x00000006d3c00000, 0x00000006d4000000|  0%| F|  |TAMS 0x00000006d3c00000, 0x00000006d3c00000| Untracked 
|  68|0x00000006d4000000, 0x00000006d4000000, 0x00000006d4400000|  0%| F|  |TAMS 0x00000006d4000000, 0x00000006d4000000| Untracked 
|  69|0x00000006d4400000, 0x00000006d4400000, 0x00000006d4800000|  0%| F|  |TAMS 0x00000006d4400000, 0x00000006d4400000| Untracked 
|  70|0x00000006d4800000, 0x00000006d4800000, 0x00000006d4c00000|  0%| F|  |TAMS 0x00000006d4800000, 0x00000006d4800000| Untracked 
|  71|0x00000006d4c00000, 0x00000006d4c00000, 0x00000006d5000000|  0%| F|  |TAMS 0x00000006d4c00000, 0x00000006d4c00000| Untracked 
|  72|0x00000006d5000000, 0x00000006d5000000, 0x00000006d5400000|  0%| F|  |TAMS 0x00000006d5000000, 0x00000006d5000000| Untracked 
|  73|0x00000006d5400000, 0x00000006d5400000, 0x00000006d5800000|  0%| F|  |TAMS 0x00000006d5400000, 0x00000006d5400000| Untracked 
|  74|0x00000006d5800000, 0x00000006d5800000, 0x00000006d5c00000|  0%| F|  |TAMS 0x00000006d5800000, 0x00000006d5800000| Untracked 
|  75|0x00000006d5c00000, 0x00000006d5c00000, 0x00000006d6000000|  0%| F|  |TAMS 0x00000006d5c00000, 0x00000006d5c00000| Untracked 
|  76|0x00000006d6000000, 0x00000006d6000000, 0x00000006d6400000|  0%| F|  |TAMS 0x00000006d6000000, 0x00000006d6000000| Untracked 
|  77|0x00000006d6400000, 0x00000006d6400000, 0x00000006d6800000|  0%| F|  |TAMS 0x00000006d6400000, 0x00000006d6400000| Untracked 
|  78|0x00000006d6800000, 0x00000006d6800000, 0x00000006d6c00000|  0%| F|  |TAMS 0x00000006d6800000, 0x00000006d6800000| Untracked 
|  79|0x00000006d6c00000, 0x00000006d6cccdf8, 0x00000006d7000000| 20%| E|  |TAMS 0x00000006d6c00000, 0x00000006d6c00000| Complete 

Card table byte_map: [0x0000022755d70000,0x0000022756760000] _byte_map_base: 0x0000022752758000

Marking Bits (Prev, Next): (CMBitMap*) 0x0000022742bfc320, (CMBitMap*) 0x0000022742bfc360
 Prev Bits: [0x0000022757150000, 0x000002275c090000)
 Next Bits: [0x000002275c090000, 0x0000022760fd0000)

Polling page: 0x0000022740b00000

Metaspace:

Usage:
  Non-class:      2.87 MB used.
      Class:    252.49 KB used.
       Both:      3.12 MB used.

Virtual space:
  Non-class space:        8.00 MB reserved,       2.88 MB ( 36%) committed,  1 nodes.
      Class space:        1.00 GB reserved,     256.00 KB ( <1%) committed,  1 nodes.
             Both:        1.01 GB reserved,       3.12 MB ( <1%) committed. 

Chunk freelists:
   Non-Class:  0 bytes
       Class:  3.75 MB
        Both:  3.75 MB

MaxMetaspaceSize: unlimited
CompressedClassSpaceSize: 1.00 GB
Initial GC threshold: 21.00 MB
Current GC threshold: 21.00 MB
CDS: off
MetaspaceReclaimPolicy: balanced
 - commit_granule_bytes: 65536.
 - commit_granule_words: 8192.
 - virtual_space_node_default_size: 1048576.
 - enlarge_chunks_in_place: 1.
 - new_chunks_are_fully_committed: 0.
 - uncommit_free_chunks: 1.
 - use_allocation_guard: 0.
 - handle_deallocations: 1.


Internal statistics:

num_allocs_failed_limit: 0.
num_arena_births: 2.
num_arena_deaths: 0.
num_vsnodes_births: 2.
num_vsnodes_deaths: 0.
num_space_committed: 50.
num_space_uncommitted: 0.
num_chunks_returned_to_freelist: 0.
num_chunks_taken_from_freelist: 3.
num_chunk_merges: 0.
num_chunk_splits: 1.
num_chunks_enlarged: 0.
num_purges: 0.
num_inconsistent_stats: 0.

CodeHeap 'non-profiled nmethods': size=120000Kb used=3Kb max_used=3Kb free=119996Kb
 bounds [0x000002274db20000, 0x000002274dd90000, 0x0000022755050000]
CodeHeap 'profiled nmethods': size=120000Kb used=27Kb max_used=27Kb free=119972Kb
 bounds [0x0000022746050000, 0x00000227462c0000, 0x000002274d580000]
CodeHeap 'non-nmethods': size=5760Kb used=1035Kb max_used=1050Kb free=4724Kb
 bounds [0x000002274d580000, 0x000002274d7f0000, 0x000002274db20000]
 total_blobs=300 nmethods=25 adapters=188
 compilation: enabled
              stopped_count=0, restarted_count=0
 full_count=0

Compilation events (20 events):
Event: 0.086 Thread 0x0000022764477680   13       3       java.lang.module.ModuleDescriptor$Exports::<init> (20 bytes)
Event: 0.087 Thread 0x0000022764477680 nmethod 13 0x0000022746054c90 code [0x0000022746054e40, 0x00000227460550d8]
Event: 0.087 Thread 0x0000022764477680   15       3       java.util.ImmutableCollections$SetN::iterator (9 bytes)
Event: 0.087 Thread 0x0000022764477680 nmethod 15 0x0000022746055190 code [0x0000022746055340, 0x00000227460554e8]
Event: 0.087 Thread 0x0000022764477680   17       3       java.util.AbstractCollection::<init> (5 bytes)
Event: 0.087 Thread 0x0000022764477680 nmethod 17 0x0000022746055590 code [0x0000022746055720, 0x0000022746055878]
Event: 0.087 Thread 0x0000022764477680   18       3       java.util.ImmutableCollections$AbstractImmutableCollection::<init> (5 bytes)
Event: 0.087 Thread 0x0000022764477680 nmethod 18 0x0000022746055910 code [0x0000022746055ac0, 0x0000022746055c78]
Event: 0.087 Thread 0x0000022764477680   21       3       java.util.Objects::requireNonNull (14 bytes)
Event: 0.087 Thread 0x0000022764477680 nmethod 21 0x0000022746055d90 code [0x0000022746055f40, 0x0000022746056128]
Event: 0.087 Thread 0x0000022764477680   20       3       java.util.ImmutableCollections$AbstractImmutableSet::<init> (5 bytes)
Event: 0.087 Thread 0x0000022764477680 nmethod 20 0x0000022746056210 code [0x00000227460563c0, 0x00000227460565f8]
Event: 0.088 Thread 0x0000022764477680   22       3       java.lang.String::coder (15 bytes)
Event: 0.088 Thread 0x0000022764477680 nmethod 22 0x0000022746056710 code [0x00000227460568a0, 0x00000227460569d8]
Event: 0.088 Thread 0x0000022764477680   23       3       java.lang.String::length (11 bytes)
Event: 0.089 Thread 0x0000022764477680 nmethod 23 0x0000022746056a90 code [0x0000022746056c20, 0x0000022746056db8]
Event: 0.089 Thread 0x0000022764477680   24       1       java.lang.module.ModuleDescriptor::name (5 bytes)
Event: 0.089 Thread 0x0000022764477680 nmethod 24 0x000002274db20010 code [0x000002274db201a0, 0x000002274db20278]
Event: 0.089 Thread 0x0000022764477680   25       1       java.lang.module.ModuleReference::descriptor (5 bytes)
Event: 0.089 Thread 0x0000022764477680 nmethod 25 0x000002274db20310 code [0x000002274db204a0, 0x000002274db20578]

GC Heap History (0 events):
No events

Dll operation events (1 events):
Event: 0.008 Loaded shared library C:\Program Files\Android\Android Studio1\jbr\bin\java.dll

Deoptimization events (0 events):
No events

Classes unloaded (0 events):
No events

Classes redefined (0 events):
No events

Internal exceptions (0 events):
No events

VM Operations (0 events):
No events

Events (20 events):
Event: 0.088 loading class java/util/Collections$UnmodifiableMap done
Event: 0.088 loading class jdk/internal/module/ModuleResolution
Event: 0.088 loading class jdk/internal/module/ModuleResolution done
Event: 0.088 loading class java/lang/module/ModuleReference
Event: 0.088 loading class java/lang/module/ModuleReference done
Event: 0.088 loading class jdk/internal/module/SystemModuleFinders$2
Event: 0.088 loading class java/util/function/Supplier
Event: 0.088 loading class java/util/function/Supplier done
Event: 0.088 loading class jdk/internal/module/SystemModuleFinders$2 done
Event: 0.088 loading class jdk/internal/module/ModuleReferenceImpl
Event: 0.088 loading class jdk/internal/module/ModuleReferenceImpl done
Event: 0.088 loading class jdk/internal/module/SystemModuleFinders$3
Event: 0.088 loading class jdk/internal/module/ModuleHashes$HashSupplier
Event: 0.088 loading class jdk/internal/module/ModuleHashes$HashSupplier done
Event: 0.088 loading class jdk/internal/module/SystemModuleFinders$3 done
Event: 0.088 loading class jdk/internal/module/SystemModuleFinders$SystemModuleFinder
Event: 0.089 loading class java/lang/module/ModuleFinder
Event: 0.089 loading class java/lang/module/ModuleFinder done
Event: 0.089 loading class jdk/internal/module/SystemModuleFinders$SystemModuleFinder done
Event: 0.089 loading class java/util/Optional


Dynamic libraries:
0x00007ff6b30f0000 - 0x00007ff6b30fa000 	C:\Program Files\Android\Android Studio1\jbr\bin\java.exe
0x00007ff9b3bb0000 - 0x00007ff9b3da8000 	C:\Windows\SYSTEM32\ntdll.dll
0x00007ff9b2bd0000 - 0x00007ff9b2c8d000 	C:\Windows\System32\KERNEL32.DLL
0x00007ff9b1860000 - 0x00007ff9b1b56000 	C:\Windows\System32\KERNELBASE.dll
0x00007ff9b1760000 - 0x00007ff9b1860000 	C:\Windows\System32\ucrtbase.dll
0x00007ff931f70000 - 0x00007ff931f87000 	C:\Program Files\Android\Android Studio1\jbr\bin\jli.dll
0x00007ff932e50000 - 0x00007ff932e6b000 	C:\Program Files\Android\Android Studio1\jbr\bin\VCRUNTIME140.dll
0x00007ff9b39a0000 - 0x00007ff9b3b3e000 	C:\Windows\System32\USER32.dll
0x00007ff9b1650000 - 0x00007ff9b1672000 	C:\Windows\System32\win32u.dll
0x00007ff9957f0000 - 0x00007ff995a8a000 	C:\Windows\WinSxS\amd64_microsoft.windows.common-controls_6595b64144ccf1df_6.0.19041.3636_none_60b6a03d71f818d5\COMCTL32.dll
0x00007ff9b2d20000 - 0x00007ff9b2d4c000 	C:\Windows\System32\GDI32.dll
0x00007ff9b1450000 - 0x00007ff9b156a000 	C:\Windows\System32\gdi32full.dll
0x00007ff9b1b60000 - 0x00007ff9b1bfd000 	C:\Windows\System32\msvcp_win.dll
0x00007ff9b37f0000 - 0x00007ff9b388e000 	C:\Windows\System32\msvcrt.dll
0x00007ff9b3b40000 - 0x00007ff9b3b70000 	C:\Windows\System32\IMM32.DLL
0x00007ff9841f0000 - 0x00007ff9841fc000 	C:\Program Files\Android\Android Studio1\jbr\bin\vcruntime140_1.dll
0x00007ff923e70000 - 0x00007ff923efd000 	C:\Program Files\Android\Android Studio1\jbr\bin\msvcp140.dll
0x00007ff9294b0000 - 0x00007ff92a11e000 	C:\Program Files\Android\Android Studio1\jbr\bin\server\jvm.dll
0x00007ff9b3260000 - 0x00007ff9b3313000 	C:\Windows\System32\ADVAPI32.dll
0x00007ff9b36f0000 - 0x00007ff9b378f000 	C:\Windows\System32\sechost.dll
0x00007ff9b2e40000 - 0x00007ff9b2f66000 	C:\Windows\System32\RPCRT4.dll
0x00007ff9b1620000 - 0x00007ff9b1647000 	C:\Windows\System32\bcrypt.dll
0x00007ff9a4a60000 - 0x00007ff9a4a87000 	C:\Windows\SYSTEM32\WINMM.dll
0x00007ff9ac4f0000 - 0x00007ff9ac4fa000 	C:\Windows\SYSTEM32\VERSION.dll
0x00007ff9a54d0000 - 0x00007ff9a54d9000 	C:\Windows\SYSTEM32\WSOCK32.dll
0x00007ff9b30d0000 - 0x00007ff9b313b000 	C:\Windows\System32\WS2_32.dll
0x00007ff9afc40000 - 0x00007ff9afc52000 	C:\Windows\SYSTEM32\kernel.appcore.dll
0x00007ff98ff40000 - 0x00007ff98ff4a000 	C:\Program Files\Android\Android Studio1\jbr\bin\jimage.dll
0x00007ff9af500000 - 0x00007ff9af6e4000 	C:\Windows\SYSTEM32\DBGHELP.DLL
0x00007ff9aab80000 - 0x00007ff9aabb4000 	C:\Windows\SYSTEM32\dbgcore.DLL
0x00007ff9b16d0000 - 0x00007ff9b1752000 	C:\Windows\System32\bcryptPrimitives.dll
0x00007ff9392d0000 - 0x00007ff9392f5000 	C:\Program Files\Android\Android Studio1\jbr\bin\java.dll
0x00007ff9392b0000 - 0x00007ff9392c8000 	C:\Program Files\Android\Android Studio1\jbr\bin\zip.dll
0x00007ff9b2220000 - 0x00007ff9b2965000 	C:\Windows\System32\SHELL32.dll
0x00007ff9aeca0000 - 0x00007ff9af43b000 	C:\Windows\SYSTEM32\windows.storage.dll
0x00007ff9b3390000 - 0x00007ff9b36e4000 	C:\Windows\System32\combase.dll
0x00007ff9b0bd0000 - 0x00007ff9b0bfd000 	C:\Windows\SYSTEM32\Wldp.dll
0x00007ff9b2b20000 - 0x00007ff9b2bcd000 	C:\Windows\System32\SHCORE.dll
0x00007ff9b3790000 - 0x00007ff9b37e5000 	C:\Windows\System32\shlwapi.dll
0x00007ff9b11b0000 - 0x00007ff9b11d5000 	C:\Windows\SYSTEM32\profapi.dll

dbghelp: loaded successfully - version: 4.0.5 - missing functions: none
symbol engine: initialized successfully - sym options: 0x614 - pdb path: .;C:\Program Files\Android\Android Studio1\jbr\bin;C:\Windows\SYSTEM32;C:\Windows\WinSxS\amd64_microsoft.windows.common-controls_6595b64144ccf1df_6.0.19041.3636_none_60b6a03d71f818d5;C:\Program Files\Android\Android Studio1\jbr\bin\server

VM Arguments:
java_command: org.jetbrains.kotlin.cli.jvm.K2JVMCompiler @C:\Users\A1044\Documents\angel\courses\kotlin\BottomNavigationBar\app\build\20240209_1321288770319145191.compiler.options
java_class_path (initial): C:\Users\A1044\.gradle\caches\modules-2\files-2.1\org.jetbrains.kotlin\kotlin-compiler-embeddable\1.8.10\b0757fd774344d54ce93f5ad6c30ba1c1731c8ff\kotlin-compiler-embeddable-1.8.10.jar;C:\Users\A1044\.gradle\caches\modules-2\files-2.1\org.jetbrains.kotlin\kotlin-stdlib\1.8.10\6d5560a229477df9406943d5feda5618e98eb64c\kotlin-stdlib-1.8.10.jar;C:\Users\A1044\.gradle\caches\modules-2\files-2.1\org.jetbrains.kotlin\kotlin-script-runtime\1.8.10\b13ea9c7e46d589139e56086a878763290e20bd5\kotlin-script-runtime-1.8.10.jar;C:\Users\A1044\.gradle\caches\modules-2\files-2.1\org.jetbrains.kotlin\kotlin-reflect\1.6.10\1cbe9c92c12a94eea200d23c2bbaedaf3daf5132\kotlin-reflect-1.6.10.jar;C:\Users\A1044\.gradle\caches\modules-2\files-2.1\org.jetbrains.kotlin\kotlin-daemon-embeddable\1.8.10\ad8541d9bc1cf9e52c3204161247910c2cf601d4\kotlin-daemon-embeddable-1.8.10.jar;C:\Users\A1044\.gradle\caches\modules-2\files-2.1\org.jetbrains.intellij.deps\trove4j\1.0.20200330\3afb14d5f9ceb459d724e907a21145e8ff394f02\trove4j-1.0.20200330.jar;C:\Users\A1044\.gradle\caches\modules-2\files-2.1\net.java.dev.jna\jna\5.6.0\330f2244e9030119ab3030fc3fededc86713d9cc\jna-5.6.0.jar;C:\Users\A1044\.gradle\caches\modules-2\files-2.1\org.jetbrains.kotlin\kotlin-stdlib-common\1.8.10\a61b182458550492c12aee66157d7b524a63a5ec\kotlin-stdlib-common-1.8.10.jar;C:\Users\A1044\.gradle\caches\modules-2\files-2.1\org.jetbrains\annotations\13.0\919f0dfe192fb4e063e7dacadee7f8bb9a2672a9\annotations-13.0.jar
Launcher Type: SUN_STANDARD

[Global flags]
     intx CICompilerCount                          = 4                                         {product} {ergonomic}
     uint ConcGCThreads                            = 2                                         {product} {ergonomic}
     uint G1ConcRefinementThreads                  = 8                                         {product} {ergonomic}
   size_t G1HeapRegionSize                         = 4194304                                   {product} {ergonomic}
    uintx GCDrainStackTargetSize                   = 64                                        {product} {ergonomic}
   size_t InitialHeapSize                          = 335544320                                 {product} {ergonomic}
   size_t MarkStackSize                            = 4194304                                   {product} {ergonomic}
   size_t MaxHeapSize                              = 5318377472                                {product} {ergonomic}
   size_t MaxNewSize                               = 3187671040                                {product} {ergonomic}
   size_t MinHeapDeltaBytes                        = 4194304                                   {product} {ergonomic}
   size_t MinHeapSize                              = 8388608                                   {product} {ergonomic}
    uintx NonNMethodCodeHeapSize                   = 5839372                                {pd product} {ergonomic}
    uintx NonProfiledCodeHeapSize                  = 122909434                              {pd product} {ergonomic}
    uintx ProfiledCodeHeapSize                     = 122909434                              {pd product} {ergonomic}
    uintx ReservedCodeCacheSize                    = 251658240                              {pd product} {ergonomic}
     bool SegmentedCodeCache                       = true                                      {product} {ergonomic}
   size_t SoftMaxHeapSize                          = 5318377472                             {manageable} {ergonomic}
     bool UseCompressedClassPointers               = true                           {product lp64_product} {ergonomic}
     bool UseCompressedOops                        = true                           {product lp64_product} {ergonomic}
     bool UseG1GC                                  = true                                      {product} {ergonomic}
     bool UseLargePagesIndividualAllocation        = false                                  {pd product} {ergonomic}

Logging:
Log output configuration:
 #0: stdout all=warning uptime,level,tags
 #1: stderr all=off uptime,level,tags

Environment Variables:
JAVA_HOME=C:\Program Files\Java\jdk-20
PATH=C:\Program Files\Common Files\Oracle\Java\javapath;C:\Windows\system32;C:\Windows;C:\Windows\System32\Wbem;C:\Windows\System32\WindowsPowerShell\v1.0\;C:\Windows\System32\OpenSSH\;C:\Program Files (x86)\AOMEI\AOMEI Backupper\6.7.0;C:\Program Files\nodejs\;C:\Program Files\Git\cmd;C:\Program Files\Go\bin;C:\Program Files (x86)\Microsoft SQL Server\160\DTS\Binn\;C:\Program Files\Azure Data Studio\bin;C:\Program Files (x86)\Microsoft SQL Server\160\Tools\Binn\;C:\Program Files\Microsoft SQL Server\160\Tools\Binn\;C:\Program Files\Microsoft SQL Server\Client SDK\ODBC\170\Tools\Binn\;C:\Program Files\Microsoft SQL Server\160\DTS\Binn\;C:\Program Files\Docker\Docker\resources\bin;C:\Users\A1044\AppData\Local\Microsoft\WindowsApps;C:\Users\A1044\AppData\Local\Programs\Microsoft VS Code\bin;C:\Users\A1044\AppData\Roaming\npm;C:\Users\A1044\go\bin;C:\Program Files\Azure Data Studio\bin;C:\Program Files\Java\jdk-20;C:\Program Files\JetBrains\IntelliJ IDEA Community Edition 2023.2\bin;;C:\MinGW\bin;C:\flutter\bin;
USERNAME=A1044
OS=Windows_NT
PROCESSOR_IDENTIFIER=Intel64 Family 6 Model 126 Stepping 5, GenuineIntel
TMP=C:\Users\A1044\AppData\Local\Temp
TEMP=C:\Users\A1044\AppData\Local\Temp


JNI global refs:
JNI global refs: 5, weak refs: 0

JNI global refs memory usage: 843, weak refs: 209


---------------  S Y S T E M  ---------------

OS:
 Windows 10 , 64 bit Build 19041 (10.0.19041.3636)
OS uptime: 29 days 17:06 hours
Hyper-V role detected

CPU: total 8 (initial active 8) (4 cores per cpu, 2 threads per core) family 6 model 126 stepping 5 microcode 0xa8, cx8, cmov, fxsr, ht, mmx, 3dnowpref, sse, sse2, sse3, ssse3, sse4.1, sse4.2, popcnt, lzcnt, tsc, tscinvbit, avx, avx2, aes, erms, clmul, bmi1, bmi2, adx, avx512f, avx512dq, avx512cd, avx512bw, avx512vl, sha, fma, vzeroupper, avx512_vpopcntdq, avx512_vpclmulqdq, avx512_vaes, avx512_vnni, clflush, clflushopt, avx512_vbmi2, avx512_vbmi, hv

Memory: 4k page, system-wide physical 20275M (2529M free)
TotalPageFile size 48816M (AvailPageFile size 4M)
current process WorkingSet (physical memory assigned to process): 30M, peak: 30M
current process commit charge ("private bytes"): 400M, peak: 400M

vm_info: OpenJDK 64-Bit Server VM (17.0.6+0-b2043.56-10027231) for windows-amd64 JRE (17.0.6+0-b2043.56-10027231), built on Apr 28 2023 00:43:19 by "androidbuild" with MS VC++ 16.10 / 16.11 (VS2019)

END.
