#
# There is insufficient memory for the Java Runtime Environment to continue.
# Native memory allocation (mmap) failed to map 335544320 bytes for G1 virtual space
# Possible reasons:
#   The system is out of physical RAM or swap space
#   The process is running with CompressedOops enabled, and the Java Heap may be blocking the growth of the native heap
# Possible solutions:
#   Reduce memory load on the system
#   Increase physical memory or swap space
#   Check if swap backing store is full
#   Decrease Java heap size (-Xmx/-Xms)
#   Decrease number of Java threads
#   Decrease Java thread stack sizes (-Xss)
#   Set larger code cache with -XX:ReservedCodeCacheSize=
#   JVM is running with Zero Based Compressed Oops mode in which the Java heap is
#     placed in the first 32GB address space. The Java Heap base address is the
#     maximum limit for the native heap growth. Please use -XX:HeapBaseMinAddress
#     to set the Java Heap base and to place the Java Heap above 32GB virtual address.
# This output file may be truncated or incomplete.
#
#  Out of Memory Error (os_windows.cpp:3769), pid=26896, tid=1064
#
# JRE version:  (17.0.6) (build )
# Java VM: OpenJDK 64-Bit Server VM (17.0.6+0-b2043.56-10027231, mixed mode, sharing, tiered, compressed oops, compressed class ptrs, g1 gc, windows-amd64)
# No core dump will be written. Minidumps are not enabled by default on client versions of Windows
#

---------------  S U M M A R Y ------------

Command Line: org.jetbrains.kotlin.cli.jvm.K2JVMCompiler @C:\Users\A1044\Documents\angel\courses\kotlin\BottomNavigationBar\app\build\20240209_7580825796731949183.compiler.options

Host: Intel(R) Core(TM) i7-1065G7 CPU @ 1.30GHz, 8 cores, 19G,  Windows 10 , 64 bit Build 19041 (10.0.19041.3636)
Time: Fri Feb  9 13:30:12 2024 Hora estándar de Venezuela elapsed time: 0.010211 seconds (0d 0h 0m 0s)

---------------  T H R E A D  ---------------

Current thread (0x000001f055b84190):  JavaThread "Unknown thread" [_thread_in_vm, id=1064, stack(0x00000052cd100000,0x00000052cd200000)]

Stack: [0x00000052cd100000,0x00000052cd200000]
Native frames: (J=compiled Java code, j=interpreted, Vv=VM code, C=native code)
V  [jvm.dll+0x683c9a]
V  [jvm.dll+0x8427a4]
V  [jvm.dll+0x843f9e]
V  [jvm.dll+0x844603]
V  [jvm.dll+0x249b75]
V  [jvm.dll+0x680b69]
V  [jvm.dll+0x67505a]
V  [jvm.dll+0x309acb]
V  [jvm.dll+0x310f86]
V  [jvm.dll+0x3608ee]
V  [jvm.dll+0x360b1f]
V  [jvm.dll+0x2dfbf8]
V  [jvm.dll+0x2e0b64]
V  [jvm.dll+0x814091]
V  [jvm.dll+0x36e6a1]
V  [jvm.dll+0x7f35cc]
V  [jvm.dll+0x3f0e8f]
V  [jvm.dll+0x3f29d1]
C  [jli.dll+0x526b]
C  [ucrtbase.dll+0x21bb2]
C  [KERNEL32.DLL+0x17344]
C  [ntdll.dll+0x526b1]


---------------  P R O C E S S  ---------------

Threads class SMR info:
_java_thread_list=0x00007ff929fec058, length=0, elements={
}

Java Threads: ( => current thread )

Other Threads:
  0x000001f055bfb060 GCTaskThread "GC Thread#0" [stack: 0x00000052cd200000,0x00000052cd300000] [id=5504]
  0x000001f055c08360 ConcurrentGCThread "G1 Main Marker" [stack: 0x00000052cd300000,0x00000052cd400000] [id=27492]
  0x000001f055c09420 ConcurrentGCThread "G1 Conc#0" [stack: 0x00000052cd400000,0x00000052cd500000] [id=1508]

[error occurred during error reporting (printing all threads), id 0xc0000005, EXCEPTION_ACCESS_VIOLATION (0xc0000005) at pc=0x00007ff9297a0797]

VM state: not at safepoint (not fully initialized)

VM Mutex/Monitor currently owned by a thread:  ([mutex/lock_event])
[0x000001f055b7ed60] Heap_lock - owner thread: 0x000001f055b84190

Heap address: 0x00000006c3000000, size: 5072 MB, Compressed Oops mode: Zero based, Oop shift amount: 3

CDS archive(s) mapped at: [0x0000000000000000-0x0000000000000000-0x0000000000000000), size 0, SharedBaseAddress: 0x0000000800000000, ArchiveRelocationMode: 0.
Narrow klass base: 0x0000000000000000, Narrow klass shift: 0, Narrow klass range: 0x0

GC Precious Log:
<Empty>

Heap:
 garbage-first heap   total 0K, used 0K [0x00000006c3000000, 0x0000000800000000)
  region size 4096K, 0 young (0K), 0 survivors (0K)

[error occurred during error reporting (printing heap information), id 0xc0000005, EXCEPTION_ACCESS_VIOLATION (0xc0000005) at pc=0x00007ff929b8da89]

GC Heap History (0 events):
No events

Dll operation events (1 events):
Event: 0.006 Loaded shared library C:\Program Files\Android\Android Studio1\jbr\bin\java.dll

Deoptimization events (0 events):
No events

Classes unloaded (0 events):
No events

Classes redefined (0 events):
No events

Internal exceptions (0 events):
No events

VM Operations (0 events):
No events

Events (0 events):
No events


Dynamic libraries:
0x00007ff6b30f0000 - 0x00007ff6b30fa000 	C:\Program Files\Android\Android Studio1\jbr\bin\java.exe
0x00007ff9b3bb0000 - 0x00007ff9b3da8000 	C:\Windows\SYSTEM32\ntdll.dll
0x00007ff9b2bd0000 - 0x00007ff9b2c8d000 	C:\Windows\System32\KERNEL32.DLL
0x00007ff9b1860000 - 0x00007ff9b1b56000 	C:\Windows\System32\KERNELBASE.dll
0x00007ff9b1760000 - 0x00007ff9b1860000 	C:\Windows\System32\ucrtbase.dll
0x00007ff931f70000 - 0x00007ff931f87000 	C:\Program Files\Android\Android Studio1\jbr\bin\jli.dll
0x00007ff932e50000 - 0x00007ff932e6b000 	C:\Program Files\Android\Android Studio1\jbr\bin\VCRUNTIME140.dll
0x00007ff9b39a0000 - 0x00007ff9b3b3e000 	C:\Windows\System32\USER32.dll
0x00007ff9b1650000 - 0x00007ff9b1672000 	C:\Windows\System32\win32u.dll
0x00007ff9957f0000 - 0x00007ff995a8a000 	C:\Windows\WinSxS\amd64_microsoft.windows.common-controls_6595b64144ccf1df_6.0.19041.3636_none_60b6a03d71f818d5\COMCTL32.dll
0x00007ff9b2d20000 - 0x00007ff9b2d4c000 	C:\Windows\System32\GDI32.dll
0x00007ff9b37f0000 - 0x00007ff9b388e000 	C:\Windows\System32\msvcrt.dll
0x00007ff9b1450000 - 0x00007ff9b156a000 	C:\Windows\System32\gdi32full.dll
0x00007ff9b1b60000 - 0x00007ff9b1bfd000 	C:\Windows\System32\msvcp_win.dll
0x00007ff9b3b40000 - 0x00007ff9b3b70000 	C:\Windows\System32\IMM32.DLL
0x00007ff9841f0000 - 0x00007ff9841fc000 	C:\Program Files\Android\Android Studio1\jbr\bin\vcruntime140_1.dll
0x00007ff923e70000 - 0x00007ff923efd000 	C:\Program Files\Android\Android Studio1\jbr\bin\msvcp140.dll
0x00007ff9294b0000 - 0x00007ff92a11e000 	C:\Program Files\Android\Android Studio1\jbr\bin\server\jvm.dll
0x00007ff9b3260000 - 0x00007ff9b3313000 	C:\Windows\System32\ADVAPI32.dll
0x00007ff9b36f0000 - 0x00007ff9b378f000 	C:\Windows\System32\sechost.dll
0x00007ff9b2e40000 - 0x00007ff9b2f66000 	C:\Windows\System32\RPCRT4.dll
0x00007ff9b1620000 - 0x00007ff9b1647000 	C:\Windows\System32\bcrypt.dll
0x00007ff9a4a60000 - 0x00007ff9a4a87000 	C:\Windows\SYSTEM32\WINMM.dll
0x00007ff9a54d0000 - 0x00007ff9a54d9000 	C:\Windows\SYSTEM32\WSOCK32.dll
0x00007ff9ac4f0000 - 0x00007ff9ac4fa000 	C:\Windows\SYSTEM32\VERSION.dll
0x00007ff9b30d0000 - 0x00007ff9b313b000 	C:\Windows\System32\WS2_32.dll
0x00007ff9afc40000 - 0x00007ff9afc52000 	C:\Windows\SYSTEM32\kernel.appcore.dll
0x00007ff98ff40000 - 0x00007ff98ff4a000 	C:\Program Files\Android\Android Studio1\jbr\bin\jimage.dll
0x00007ff9af500000 - 0x00007ff9af6e4000 	C:\Windows\SYSTEM32\DBGHELP.DLL
0x00007ff9aab80000 - 0x00007ff9aabb4000 	C:\Windows\SYSTEM32\dbgcore.DLL
0x00007ff9b16d0000 - 0x00007ff9b1752000 	C:\Windows\System32\bcryptPrimitives.dll
0x00007ff9392d0000 - 0x00007ff9392f5000 	C:\Program Files\Android\Android Studio1\jbr\bin\java.dll

dbghelp: loaded successfully - version: 4.0.5 - missing functions: none
symbol engine: initialized successfully - sym options: 0x614 - pdb path: .;C:\Program Files\Android\Android Studio1\jbr\bin;C:\Windows\SYSTEM32;C:\Windows\WinSxS\amd64_microsoft.windows.common-controls_6595b64144ccf1df_6.0.19041.3636_none_60b6a03d71f818d5;C:\Program Files\Android\Android Studio1\jbr\bin\server

VM Arguments:
java_command: org.jetbrains.kotlin.cli.jvm.K2JVMCompiler @C:\Users\A1044\Documents\angel\courses\kotlin\BottomNavigationBar\app\build\20240209_7580825796731949183.compiler.options
java_class_path (initial): C:\Users\A1044\.gradle\caches\modules-2\files-2.1\org.jetbrains.kotlin\kotlin-compiler-embeddable\1.8.10\b0757fd774344d54ce93f5ad6c30ba1c1731c8ff\kotlin-compiler-embeddable-1.8.10.jar;C:\Users\A1044\.gradle\caches\modules-2\files-2.1\org.jetbrains.kotlin\kotlin-stdlib\1.8.10\6d5560a229477df9406943d5feda5618e98eb64c\kotlin-stdlib-1.8.10.jar;C:\Users\A1044\.gradle\caches\modules-2\files-2.1\org.jetbrains.kotlin\kotlin-script-runtime\1.8.10\b13ea9c7e46d589139e56086a878763290e20bd5\kotlin-script-runtime-1.8.10.jar;C:\Users\A1044\.gradle\caches\modules-2\files-2.1\org.jetbrains.kotlin\kotlin-reflect\1.6.10\1cbe9c92c12a94eea200d23c2bbaedaf3daf5132\kotlin-reflect-1.6.10.jar;C:\Users\A1044\.gradle\caches\modules-2\files-2.1\org.jetbrains.kotlin\kotlin-daemon-embeddable\1.8.10\ad8541d9bc1cf9e52c3204161247910c2cf601d4\kotlin-daemon-embeddable-1.8.10.jar;C:\Users\A1044\.gradle\caches\modules-2\files-2.1\org.jetbrains.intellij.deps\trove4j\1.0.20200330\3afb14d5f9ceb459d724e907a21145e8ff394f02\trove4j-1.0.20200330.jar;C:\Users\A1044\.gradle\caches\modules-2\files-2.1\net.java.dev.jna\jna\5.6.0\330f2244e9030119ab3030fc3fededc86713d9cc\jna-5.6.0.jar;C:\Users\A1044\.gradle\caches\modules-2\files-2.1\org.jetbrains.kotlin\kotlin-stdlib-common\1.8.10\a61b182458550492c12aee66157d7b524a63a5ec\kotlin-stdlib-common-1.8.10.jar;C:\Users\A1044\.gradle\caches\modules-2\files-2.1\org.jetbrains\annotations\13.0\919f0dfe192fb4e063e7dacadee7f8bb9a2672a9\annotations-13.0.jar
Launcher Type: SUN_STANDARD

[Global flags]
     intx CICompilerCount                          = 4                                         {product} {ergonomic}
     uint ConcGCThreads                            = 2                                         {product} {ergonomic}
     uint G1ConcRefinementThreads                  = 8                                         {product} {ergonomic}
   size_t G1HeapRegionSize                         = 4194304                                   {product} {ergonomic}
    uintx GCDrainStackTargetSize                   = 64                                        {product} {ergonomic}
   size_t InitialHeapSize                          = 335544320                                 {product} {ergonomic}
   size_t MarkStackSize                            = 4194304                                   {product} {ergonomic}
   size_t MaxHeapSize                              = 5318377472                                {product} {ergonomic}
   size_t MinHeapDeltaBytes                        = 4194304                                   {product} {ergonomic}
   size_t MinHeapSize                              = 8388608                                   {product} {ergonomic}
    uintx NonNMethodCodeHeapSize                   = 5839372                                {pd product} {ergonomic}
    uintx NonProfiledCodeHeapSize                  = 122909434                              {pd product} {ergonomic}
    uintx ProfiledCodeHeapSize                     = 122909434                              {pd product} {ergonomic}
    uintx ReservedCodeCacheSize                    = 251658240                              {pd product} {ergonomic}
     bool SegmentedCodeCache                       = true                                      {product} {ergonomic}
   size_t SoftMaxHeapSize                          = 5318377472                             {manageable} {ergonomic}
     bool UseCompressedClassPointers               = true                           {product lp64_product} {ergonomic}
     bool UseCompressedOops                        = true                           {product lp64_product} {ergonomic}
     bool UseG1GC                                  = true                                      {product} {ergonomic}
     bool UseLargePagesIndividualAllocation        = false                                  {pd product} {ergonomic}

Logging:
Log output configuration:
 #0: stdout all=warning uptime,level,tags
 #1: stderr all=off uptime,level,tags

Environment Variables:
JAVA_HOME=C:\Program Files\Java\jdk-20
PATH=C:\Program Files\Common Files\Oracle\Java\javapath;C:\Windows\system32;C:\Windows;C:\Windows\System32\Wbem;C:\Windows\System32\WindowsPowerShell\v1.0\;C:\Windows\System32\OpenSSH\;C:\Program Files (x86)\AOMEI\AOMEI Backupper\6.7.0;C:\Program Files\nodejs\;C:\Program Files\Git\cmd;C:\Program Files\Go\bin;C:\Program Files (x86)\Microsoft SQL Server\160\DTS\Binn\;C:\Program Files\Azure Data Studio\bin;C:\Program Files (x86)\Microsoft SQL Server\160\Tools\Binn\;C:\Program Files\Microsoft SQL Server\160\Tools\Binn\;C:\Program Files\Microsoft SQL Server\Client SDK\ODBC\170\Tools\Binn\;C:\Program Files\Microsoft SQL Server\160\DTS\Binn\;C:\Program Files\Docker\Docker\resources\bin;C:\Users\A1044\AppData\Local\Microsoft\WindowsApps;C:\Users\A1044\AppData\Local\Programs\Microsoft VS Code\bin;C:\Users\A1044\AppData\Roaming\npm;C:\Users\A1044\go\bin;C:\Program Files\Azure Data Studio\bin;C:\Program Files\Java\jdk-20;C:\Program Files\JetBrains\IntelliJ IDEA Community Edition 2023.2\bin;;C:\MinGW\bin;C:\flutter\bin;
USERNAME=A1044
OS=Windows_NT
PROCESSOR_IDENTIFIER=Intel64 Family 6 Model 126 Stepping 5, GenuineIntel
TMP=C:\Users\A1044\AppData\Local\Temp
TEMP=C:\Users\A1044\AppData\Local\Temp


JNI global refs:

[error occurred during error reporting (JNI global references), id 0xc0000005, EXCEPTION_ACCESS_VIOLATION (0xc0000005) at pc=0x00007ff929567a10]


---------------  S Y S T E M  ---------------

OS:
 Windows 10 , 64 bit Build 19041 (10.0.19041.3636)
OS uptime: 29 days 17:06 hours
Hyper-V role detected

CPU: total 8 (initial active 8) (4 cores per cpu, 2 threads per core) family 6 model 126 stepping 5 microcode 0xa8, cx8, cmov, fxsr, ht, mmx, 3dnowpref, sse, sse2, sse3, ssse3, sse4.1, sse4.2, popcnt, lzcnt, tsc, tscinvbit, avx, avx2, aes, erms, clmul, bmi1, bmi2, adx, avx512f, avx512dq, avx512cd, avx512bw, avx512vl, sha, fma, vzeroupper, avx512_vpopcntdq, avx512_vpclmulqdq, avx512_vaes, avx512_vnni, clflush, clflushopt, avx512_vbmi2, avx512_vbmi, hv

Memory: 4k page, system-wide physical 20275M (2308M free)
TotalPageFile size 48816M (AvailPageFile size 149M)
current process WorkingSet (physical memory assigned to process): 14M, peak: 14M
current process commit charge ("private bytes"): 60M, peak: 380M

vm_info: OpenJDK 64-Bit Server VM (17.0.6+0-b2043.56-10027231) for windows-amd64 JRE (17.0.6+0-b2043.56-10027231), built on Apr 28 2023 00:43:19 by "androidbuild" with MS VC++ 16.10 / 16.11 (VS2019)

END.
